This is pdfTeX, Version 3.14159265-2.6-1.40.16 (MiKTeX 2.9) (preloaded format=pdflatex 2015.9.30)  5 OCT 2015 18:29
entering extended mode
**"F:/Research/NASA_UTM/docs/AIAA 2015/main.tex"
("F:/Research/NASA_UTM/docs/AIAA 2015/main.tex"
LaTeX2e <2015/01/01> patch level 2
Babel <3.9m> and hyphenation patterns for 69 languages loaded.
(AIAA.cls
Document Class: AIAA 
("G:\Program Files (x86)\MiKTeX 2.9\tex\latex\revtex\revtex4-1.cls"
Document Class: revtex4-1 2010/07/25/20:33:00 4.1r (http://publish.aps.org/revt
ex4/ for documentation)
 Copyright (c) 2009 The American Physical Society.
 mailto:revtex@aps.org
 Licensed under the LPPL:
http://www.ctan.org/tex-archive/macros/latex/base/lppl.txt
 Arthur Ogawa <arthur_ogawa at sbcglobal dot net>
 Based on work by David Carlisle <david at dcarlisle.demon.co.uk>.
ltxutil[2010/07/25/20:33:00 4.1r utilities package (portions licensed from W. E
. Baxter web at superscript.com)]
LaTeX Info: Redefining \@centercr on input line 308.
Class revtex4-1 Info: Repairing broken LaTeX eqnarray on input line 358.
\eqncolsep=\skip41
Class revtex4-1 Info: Repairing hyperref-unfriendly LaTeX definition of \mpfoot
note on input line 433.
Class revtex4-1 Info: Repairing broken LateX \@sect on input line 755.
\intertabularlinepenalty=\count79
\@tbpen=\count80
\@arstrutbox@hline=\box26
Class revtex4-1 Info: Repairing broken LaTeX \@xbitor on input line 1786.
Class revtex4-1 Info: Making \typeout \long on input line 2046.
ltxfront[2010/07/25/20:33:00 4.1r frontmatter package (AO,DPC)]
\c@affil=\count81
\c@collab=\count82
\absbox=\box27
ltxgrid[2010/07/25/20:33:00 4.1r page grid package (portions licensed from W. E
. Baxter web at superscript.com)]
\c@linecount=\count83
\output@latex=\toks14
\box@size@1=\box28
\box@size@2=\box29
\@protection@box=\box30
\@topmark@saved=\toks15
\footins@saved=\box31
\footins@recovered=\box32
\column@recovered=\box33
\pagesofar=\box34
\footsofar=\box35
\pagegrid@col=\count84
Class revtex4-1 Info: Overriding \@vspace, \@vspacer, \@no@pgbk, \@newline, and
 \\  on input line 5578.
\c@part=\count85
\c@section=\count86
\c@subsection=\count87
\c@subsubsection=\count88
\c@paragraph=\count89
\c@subparagraph=\count90
\abovecaptionskip=\skip42
\belowcaptionskip=\skip43
\c@figure=\count91
\fbox@1=\box36
\c@table=\count92
\fbox@2=\box37
\c@video=\count93
\fbox@4=\box38
\@bibdataout=\write3
\widetext@top=\box39
\widetext@bot=\box40

Class revtex4-1 Warning: No Society specified, using default society aps.

("G:\Program Files (x86)\MiKTeX 2.9\tex\latex\revtex\aps4-1.rtx"
File: aps4-1 2010/07/25/20:33:00 4.1r (http://publish.aps.org/revtex4/ for docu
mentation)
Class revtex4-1 Info: RevTeX society APS selected on input line 31.
)

Class revtex4-1 Warning: Document class option manuscript is obsolete; use prep
rint instead.


Class revtex4-1 Warning: No journal specified, using default pra.

Class revtex4-1 Info: APS journal PRA selected on input line 7545.

Class revtex4-1 Warning: Document class option manuscript is obsolete; use prep
rint instead.

("G:\Program Files (x86)\MiKTeX 2.9\tex\latex\revtex\aps12pt4-1.rtx"
File: aps12pt4-1 2010/07/25/20:33:00 4.1r (http://publish.aps.org/revtex4/ for 
documentation)
Class revtex4-1 Info: RevTeX pointsize 12pt selected on input line 30.
)

Class revtex4-1 Warning: Document class option manuscript is obsolete; use prep
rint instead.

("G:\Program Files (x86)\MiKTeX 2.9\tex\latex\textcase\textcase.sty"
Package: textcase 2004/10/07 v0.07 Text only upper/lower case changing (DPC)
)
("G:\Program Files (x86)\MiKTeX 2.9\tex\latex\url\url.sty"
\Urlmuskip=\muskip10
Package: url 2013/09/16  ver 3.4  Verb mode for urls, etc.
)
("G:\Program Files (x86)\MiKTeX 2.9\tex\latex\natbib\natbib.sty"
Package: natbib 2010/09/13 8.31b (PWD, AO)
\bibhang=\skip44
\bibsep=\skip45
LaTeX Info: Redefining \cite on input line 694.
\c@NAT@ctr=\count94
)
Class revtex4-1 Info: Repairing natbib's \BibitemShut on input line 7549.

("G:\Program Files (x86)\MiKTeX 2.9\tex\latex\revtex\revsymb4-1.sty"
Package: revsymb4-1 2010/07/25/20:33:00 4.1r (http://publish.aps.org/revtex4/ f
or documentation)
LaTeX Info: Redefining \REV@mathfrak on input line 119.
))
("G:\Program Files (x86)\MiKTeX 2.9\tex\latex\base\latexsym.sty"
Package: latexsym 1998/08/17 v2.2e Standard LaTeX package (lasy symbols)
\symlasy=\mathgroup4
LaTeX Font Info:    Overwriting symbol font `lasy' in version `bold'
(Font)                  U/lasy/m/n --> U/lasy/b/n on input line 52.
)
("G:\Program Files (x86)\MiKTeX 2.9\tex\latex\graphics\graphicx.sty"
Package: graphicx 2014/10/28 v1.0g Enhanced LaTeX Graphics (DPC,SPQR)

("G:\Program Files (x86)\MiKTeX 2.9\tex\latex\graphics\keyval.sty"
Package: keyval 2014/10/28 v1.15 key=value parser (DPC)
\KV@toks@=\toks16
)
("G:\Program Files (x86)\MiKTeX 2.9\tex\latex\graphics\graphics.sty"
Package: graphics 2014/10/28 v1.0p Standard LaTeX Graphics (DPC,SPQR)

("G:\Program Files (x86)\MiKTeX 2.9\tex\latex\graphics\trig.sty"
Package: trig 1999/03/16 v1.09 sin cos tan (DPC)
)
("G:\Program Files (x86)\MiKTeX 2.9\tex\latex\00miktex\graphics.cfg"
File: graphics.cfg 2007/01/18 v1.5 graphics configuration of teTeX/TeXLive
)
Package graphics Info: Driver file: pdftex.def on input line 94.

("G:\Program Files (x86)\MiKTeX 2.9\tex\latex\pdftex-def\pdftex.def"
File: pdftex.def 2011/05/27 v0.06d Graphics/color for pdfTeX

("G:\Program Files (x86)\MiKTeX 2.9\tex\generic\oberdiek\infwarerr.sty"
Package: infwarerr 2010/04/08 v1.3 Providing info/warning/error messages (HO)
)
("G:\Program Files (x86)\MiKTeX 2.9\tex\generic\oberdiek\ltxcmds.sty"
Package: ltxcmds 2011/11/09 v1.22 LaTeX kernel commands for general use (HO)
)
\Gread@gobject=\count95
))
\Gin@req@height=\dimen102
\Gin@req@width=\dimen103
)
("G:\Program Files (x86)\MiKTeX 2.9\tex\latex\tools\verbatim.sty"
Package: verbatim 2014/10/28 v1.5q LaTeX2e package for verbatim enhancements
\every@verbatim=\toks17
\verbatim@line=\toks18
\verbatim@in@stream=\read1
)
("G:\Program Files (x86)\MiKTeX 2.9\tex\latex\base\fontenc.sty"
Package: fontenc 2005/09/27 v1.99g Standard LaTeX package

("G:\Program Files (x86)\MiKTeX 2.9\tex\latex\base\t1enc.def"
File: t1enc.def 2005/09/27 v1.99g Standard LaTeX file
LaTeX Font Info:    Redeclaring font encoding T1 on input line 48.
))
("G:\Program Files (x86)\MiKTeX 2.9\tex\latex\amsfonts\amssymb.sty"
Package: amssymb 2013/01/14 v3.01 AMS font symbols

("G:\Program Files (x86)\MiKTeX 2.9\tex\latex\amsfonts\amsfonts.sty"
Package: amsfonts 2013/01/14 v3.01 Basic AMSFonts support
\@emptytoks=\toks19
\symAMSa=\mathgroup5
\symAMSb=\mathgroup6
LaTeX Font Info:    Overwriting math alphabet `\mathfrak' in version `bold'
(Font)                  U/euf/m/n --> U/euf/b/n on input line 106.
LaTeX Info: Redefining \frak on input line 111.
LaTeX Info: Redefining \Bbb on input line 113.
))
("G:\Program Files (x86)\MiKTeX 2.9\tex\latex\amsmath\amsmath.sty"
Package: amsmath 2013/01/14 v2.14 AMS math features
\@mathmargin=\skip46

For additional information on amsmath, use the `?' option.
("G:\Program Files (x86)\MiKTeX 2.9\tex\latex\amsmath\amstext.sty"
Package: amstext 2000/06/29 v2.01

("G:\Program Files (x86)\MiKTeX 2.9\tex\latex\amsmath\amsgen.sty"
File: amsgen.sty 1999/11/30 v2.0
\@emptytoks=\toks20
\ex@=\dimen104
)
LaTeX Info: Redefining \text on input line 39.
)
("G:\Program Files (x86)\MiKTeX 2.9\tex\latex\amsmath\amsbsy.sty"
Package: amsbsy 1999/11/29 v1.2d
\pmbraise@=\dimen105
)
("G:\Program Files (x86)\MiKTeX 2.9\tex\latex\amsmath\amsopn.sty"
Package: amsopn 1999/12/14 v2.01 operator names
)
\inf@bad=\count96
LaTeX Info: Redefining \frac on input line 210.
\uproot@=\count97
\leftroot@=\count98
LaTeX Info: Redefining \overline on input line 306.
\classnum@=\count99
\DOTSCASE@=\count100
LaTeX Info: Redefining \ldots on input line 378.
LaTeX Info: Redefining \dots on input line 381.
LaTeX Info: Redefining \cdots on input line 466.
\Mathstrutbox@=\box41
\strutbox@=\box42
\big@size=\dimen106
LaTeX Font Info:    Redeclaring font encoding OML on input line 566.
LaTeX Font Info:    Redeclaring font encoding OMS on input line 567.
\macc@depth=\count101
\c@MaxMatrixCols=\count102
\dotsspace@=\muskip11
\c@parentequation=\count103
\dspbrk@lvl=\count104
\tag@help=\toks21
\row@=\count105
\column@=\count106
\maxfields@=\count107
\andhelp@=\toks22
\eqnshift@=\dimen107
\alignsep@=\dimen108
\tagshift@=\dimen109
\tagwidth@=\dimen110
\totwidth@=\dimen111
\lineht@=\dimen112
\@envbody=\toks23
\multlinegap=\skip47
\multlinetaggap=\skip48
\mathdisplay@stack=\toks24
LaTeX Info: Redefining \[ on input line 2665.
LaTeX Info: Redefining \] on input line 2666.
)
Class revtex4-1 Info: RevTeX society APS selected on input line 425.
)
Class revtex4-1 Info: Patching LaTeX tabular. on input line 7.
Class revtex4-1 Info: Robustifying \LaTeX's \boldmath command on input line 7.
Class revtex4-1 Info: cite was not loaded (OK!) on input line 7.
Class revtex4-1 Info: mcite was not loaded (OK!) on input line 7.
Class revtex4-1 Info: multicol was not loaded (OK!) on input line 7.


LaTeX Warning: Unused global option(s):
    [letterpaper].

(main.aux)
LaTeX Font Info:    Checking defaults for OML/cmm/m/it on input line 7.
LaTeX Font Info:    ... okay on input line 7.
LaTeX Font Info:    Checking defaults for T1/cmr/m/n on input line 7.
LaTeX Font Info:    ... okay on input line 7.
LaTeX Font Info:    Checking defaults for OT1/cmr/m/n on input line 7.
LaTeX Font Info:    ... okay on input line 7.
LaTeX Font Info:    Checking defaults for OMS/cmsy/m/n on input line 7.
LaTeX Font Info:    ... okay on input line 7.
LaTeX Font Info:    Checking defaults for OMX/cmex/m/n on input line 7.
LaTeX Font Info:    ... okay on input line 7.
LaTeX Font Info:    Checking defaults for U/cmr/m/n on input line 7.
LaTeX Font Info:    ... okay on input line 7.
 ("G:\Program Files (x86)\MiKTeX 2.9\tex\context\base\supp-pdf.mkii"
[Loading MPS to PDF converter (version 2006.09.02).]
\scratchcounter=\count108
\scratchdimen=\dimen113
\scratchbox=\box43
\nofMPsegments=\count109
\nofMParguments=\count110
\everyMPshowfont=\toks25
\MPscratchCnt=\count111
\MPscratchDim=\dimen114
\MPnumerator=\count112
\makeMPintoPDFobject=\count113
\everyMPtoPDFconversion=\toks26
)
LaTeX Font Info:    Try loading font information for U+lasy on input line 21.
 ("G:\Program Files (x86)\MiKTeX 2.9\tex\latex\base\ulasy.fd"
File: ulasy.fd 1998/08/17 v2.2e LaTeX symbol font definitions
)
LaTeX Font Info:    Try loading font information for U+msa on input line 21.

("G:\Program Files (x86)\MiKTeX 2.9\tex\latex\amsfonts\umsa.fd"
File: umsa.fd 2013/01/14 v3.01 AMS symbols A
)
LaTeX Font Info:    Try loading font information for U+msb on input line 21.

("G:\Program Files (x86)\MiKTeX 2.9\tex\latex\amsfonts\umsb.fd"
File: umsb.fd 2013/01/14 v3.01 AMS symbols B
)
Underfull \hbox (badness 10000) in paragraph at lines 24--28

 []

(introduction.tex) (high_form.tex
Overfull \vbox (10.18759pt too high) has occurred while \output is active []


[1{C:/Users/Mo/AppData/Local/MiKTeX/2.9/pdftex/config/pdftex.map}])
(high_eikon.tex) (high_sim.tex
LaTeX Font Info:    Try loading font information for OMS+cmr on input line 6.

("G:\Program Files (x86)\MiKTeX 2.9\tex\latex\base\omscmr.fd"
File: omscmr.fd 2014/09/29 v2.5h Standard LaTeX font definitions
)
LaTeX Font Info:    Font shape `OMS/cmr/m/n' in size <10> not available
(Font)              Font shape `OMS/cmsy/m/n' tried instead on input line 6.
 [2]
<"fig/airHighway_results".pdf, id=23, 631.15799pt x 288.82906pt>
File: "fig/airHighway_results".pdf Graphic file (type pdf)

<use "fig/airHighway_results".pdf>
Package pdftex.def Info: "fig/airHighway_results".pdf used on input line 20.
(pdftex.def)             Requested size: 324.0pt x 148.26602pt.
) (plat_form.tex [3 <./fig/airHighway_results.pdf>] [4]

Package natbib Warning: Citation `Lygeros98' on page 5 undefined on input line 
37.


Package natbib Warning: Citation `Lygeros12' on page 5 undefined on input line 
37.

<"fig/vehicleModes".pdf, id=43, 686.565pt x 433.62pt>
File: "fig/vehicleModes".pdf Graphic file (type pdf)

<use "fig/vehicleModes".pdf>
Package pdftex.def Info: "fig/vehicleModes".pdf used on input line 50.
(pdftex.def)             Requested size: 194.39868pt x 122.77577pt.
 [5 <./fig/vehicleModes.pdf>]) (plat_reach.tex)
(plat_intra.tex) (plat_inter.tex) (plat_safety.tex) (plat_sim.tex)
(conclusions.tex)
Overfull \hbox (4.84106pt too wide) in paragraph at lines 44--45
[]\T1/cmr/m/n/10 This work is sup-ported in part by NSF un-der CPS:ActionWebs (
CNS-0931843) and CPS:FORCES
 []

[6]
LaTeX Font Info:    Try loading font information for T1+cmtt on input line 62.
 ("G:\Program Files (x86)\MiKTeX 2.9\tex\latex\base\t1cmtt.fd"
File: t1cmtt.fd 2014/09/29 v2.5h Standard LaTeX font definitions
) [7]
(main.bbl)

Package natbib Warning: There were undefined citations.

[8] (main.aux) ) 
Here is how much of TeX's memory you used:
 4460 strings out of 493673
 56089 string characters out of 3141539
 124684 words of memory out of 3000000
 7709 multiletter control sequences out of 15000+200000
 20766 words of font info for 60 fonts, out of 3000000 for 9000
 1025 hyphenation exceptions out of 8191
 35i,9n,32p,1019b,359s stack positions out of 5000i,500n,10000p,200000b,50000s
 <C:\Users\Mo\AppData\Local\MiKTeX\2.9\fonts\pk\ljfour\jknappen
\ec\dpi600\ectt0900.pk> <C:\Users\Mo\AppData\Local\MiKTeX\2.9\fonts\pk\ljfour\j
knappen\ec\dpi600\ecrm0900.pk> <C:\Users\Mo\AppData\Local\MiKTeX\2.9\fonts\pk\l
jfour\jknappen\ec\dpi600\ecbx1000.pk> <C:\Users\Mo\AppData\Local\MiKTeX\2.9\fon
ts\pk\ljfour\jknappen\ec\dpi600\ecti0900.pk> <C:\Users\Mo\AppData\Local\MiKTeX\
2.9\fonts\pk\ljfour\jknappen\ec\dpi600\ecrm0800.pk> <C:\Users\Mo\AppData\Local\
MiKTeX\2.9\fonts\pk\ljfour\jknappen\ec\dpi600\ecrm0600.pk> <C:\Users\Mo\AppData
\Local\MiKTeX\2.9\fonts\pk\ljfour\jknappen\ec\dpi600\ecbx0900.pk> <C:\Users\Mo\
AppData\Local\MiKTeX\2.9\fonts\pk\ljfour\jknappen\ec\dpi600\ecti1000.pk> <C:\Us
ers\Mo\AppData\Local\MiKTeX\2.9\fonts\pk\ljfour\jknappen\ec\dpi600\ecrm0700.pk>
 <C:\Users\Mo\AppData\Local\MiKTeX\2.9\fonts\pk\ljfour\jknappen\ec\dpi600\ecrm1
000.pk> <C:\Users\Mo\AppData\Local\MiKTeX\2.9\fonts\pk\ljfour\jknappen\ec\dpi60
0\ecbx1728.pk><G:/Program Files (x86)/MiKTeX 2.9/fonts/type1/public/amsfonts/cm
/cmmi10.pfb><G:/Program Files (x86)/MiKTeX 2.9/fonts/type1/public/amsfonts/cm/c
mmi5.pfb><G:/Program Files (x86)/MiKTeX 2.9/fonts/type1/public/amsfonts/cm/cmmi
7.pfb><G:/Program Files (x86)/MiKTeX 2.9/fonts/type1/public/amsfonts/cm/cmr10.p
fb><G:/Program Files (x86)/MiKTeX 2.9/fonts/type1/public/amsfonts/cm/cmr5.pfb><
G:/Program Files (x86)/MiKTeX 2.9/fonts/type1/public/amsfonts/cm/cmr6.pfb><G:/P
rogram Files (x86)/MiKTeX 2.9/fonts/type1/public/amsfonts/cm/cmr7.pfb><G:/Progr
am Files (x86)/MiKTeX 2.9/fonts/type1/public/amsfonts/cm/cmsy10.pfb><G:/Program
 Files (x86)/MiKTeX 2.9/fonts/type1/public/amsfonts/cm/cmsy7.pfb><G:/Program Fi
les (x86)/MiKTeX 2.9/fonts/type1/public/amsfonts/symbols/msbm10.pfb><G:/Program
 Files (x86)/MiKTeX 2.9/fonts/type1/public/amsfonts/symbols/msbm7.pfb>
Output written on main.pdf (8 pages, 1011012 bytes).
PDF statistics:
 536 PDF objects out of 1000 (max. 8388607)
 0 named destinations out of 1000 (max. 500000)
 11 words of extra memory for PDF output out of 10000 (max. 10000000)

